<?xml version="1.0" encoding="UTF-8"?>
<testng-results ignored="0" total="2" passed="2" failed="0" skipped="0">
  <reporter-output>
  </reporter-output>
  <suite started-at="2023-05-15T12:02:45 IST" name="Default suite" finished-at="2023-05-15T12:02:53 IST" duration-ms="7684">
    <groups>
    </groups>
    <test started-at="2023-05-15T12:02:45 IST" name="Default test" finished-at="2023-05-15T12:02:53 IST" duration-ms="7684">
      <class name="testScripts.PlaceOrderTest">
        <test-method is-config="true" signature="setup()[pri:0, instance:testScripts.PlaceOrderTest@74ea2410]" started-at="2023-05-15T12:02:45 IST" name="setup" finished-at="2023-05-15T12:02:51 IST" duration-ms="5171" status="PASS">
          <reporter-output>
          </reporter-output>
        </test-method> <!-- setup -->
        <test-method signature="addItemTest()[pri:0, instance:testScripts.PlaceOrderTest@74ea2410]" started-at="2023-05-15T12:02:51 IST" name="addItemTest" finished-at="2023-05-15T12:02:52 IST" duration-ms="902" status="PASS">
          <reporter-output>
          </reporter-output>
        </test-method> <!-- addItemTest -->
        <test-method signature="clickCheckOut()[pri:0, instance:testScripts.PlaceOrderTest@74ea2410]" started-at="2023-05-15T12:02:52 IST" name="clickCheckOut" finished-at="2023-05-15T12:02:53 IST" duration-ms="1568" status="PASS">
          <reporter-output>
          </reporter-output>
        </test-method> <!-- clickCheckOut -->
      </class> <!-- testScripts.PlaceOrderTest -->
    </test> <!-- Default test -->
  </suite> <!-- Default suite -->
</testng-results>
